is_train : True
data_dir : ./cifar10/cifar-10-batches-py
eval_freq : 250
learning_rate : 0.0001
print_freq : 10
batch_size : 128
checkpoint_dir : ./checkpoints
log_dir : ./logs/cifar10
train_model : linear
checkpoint_freq : 1000
max_steps : 15000
Initial Test Accuracy = 0.118
Iteration 0/15000. Train Loss = 2.303, Train Accuracy = 0.156
Iteration 0/15000. Test Loss = 2.303, Test Accuracy = 0.089
Iteration 250/15000. Train Loss = 1.756, Train Accuracy = 0.312
Iteration 250/15000. Test Loss = 1.730, Test Accuracy = 0.353
Iteration 500/15000. Train Loss = 1.618, Train Accuracy = 0.328
Iteration 500/15000. Test Loss = 1.594, Test Accuracy = 0.400
Iteration 750/15000. Train Loss = 1.533, Train Accuracy = 0.422
Iteration 750/15000. Test Loss = 1.445, Test Accuracy = 0.452
Iteration 1000/15000. Train Loss = 1.289, Train Accuracy = 0.516
Iteration 1000/15000. Test Loss = 1.327, Test Accuracy = 0.503
Iteration 1250/15000. Train Loss = 1.171, Train Accuracy = 0.555
Iteration 1250/15000. Test Loss = 1.237, Test Accuracy = 0.542
Iteration 1500/15000. Train Loss = 1.268, Train Accuracy = 0.570
Iteration 1500/15000. Test Loss = 1.165, Test Accuracy = 0.585
Iteration 1750/15000. Train Loss = 1.262, Train Accuracy = 0.516
Iteration 1750/15000. Test Loss = 1.156, Test Accuracy = 0.588
Iteration 2000/15000. Train Loss = 0.962, Train Accuracy = 0.672
Iteration 2000/15000. Test Loss = 1.050, Test Accuracy = 0.621Iteration 1000/15000. Train Loss = 1.300, Train Accuracy = 0.539
Iteration 1000/15000. Test Loss = 1.320, Test Accuracy = 0.504
Iteration 1250/15000. Train Loss = 1.162, Train Accuracy = 0.555
Iteration 1250/15000. Test Loss = 1.235, Test Accuracy = 0.548
Iteration 1500/15000. Train Loss = 1.279, Train Accuracy = 0.539
Iteration 1500/15000. Test Loss = 1.162, Test Accuracy = 0.585

Iteration 3000/15000. Train Loss = 0.856, Train Accuracy = 0.719
Iteration 3000/15000. Test Loss = 0.904, Test Accuracy = 0.676
Iteration 3250/15000. Train Loss = 0.796, Train Accuracy = 0.703
Iteration 3250/15000. Test Loss = 0.876, Test Accuracy = 0.692
Iteration 3500/15000. Train Loss = 0.617, Train Accuracy = 0.812
Iteration 3500/15000. Test Loss = 0.805, Test Accuracy = 0.714
Iteration 2250/15000. Train Loss = 0.978, Train Accuracy = 0.672
Iteration 2250/15000. Test Loss = 0.959, Test Accuracy = 0.652
Iteration 2500/15000. Train Loss = 0.991, Train Accuracy = 0.680
Iteration 2500/15000. Test Loss = 0.945, Test Accuracy = 0.673
Iteration 2750/15000. Train Loss = 0.727, Train Accuracy = 0.773
Iteration 2750/15000. Test Loss = 0.898, Test Accuracy = 0.663
Iteration 3000/15000. Train Loss = 0.832, Train Accuracy = 0.742
Iteration 3000/15000. Test Loss = 0.884, Test Accuracy = 0.681
Iteration 3250/15000. Train Loss = 0.787, Train Accuracy = 0.688
Iteration 3250/15000. Test Loss = 0.868, Test Accuracy = 0.695
Iteration 3500/15000. Train Loss = 0.624, Train Accuracy = 0.812
Iteration 3500/15000. Test Loss = 0.789, Test Accuracy = 0.718
Iteration 3750/15000. Train Loss = 0.528, Train Accuracy = 0.844
Iteration 3750/15000. Test Loss = 0.790, Test Accuracy = 0.716
Iteration 4000/15000. Train Loss = 0.583, Train Accuracy = 0.844
Iteration 4000/15000. Test Loss = 0.769, Test Accuracy = 0.729
Iteration 4250/15000. Train Loss = 0.676, Train Accuracy = 0.758
Iteration 4250/15000. Test Loss = 0.767, Test Accuracy = 0.715
Iteration 4500/15000. Train Loss = 0.687, Train Accuracy = 0.781
Iteration 4500/15000. Test Loss = 0.744, Test Accuracy = 0.731
Iteration 4750/15000. Train Loss = 0.653, Train Accuracy = 0.758
Iteration 4750/15000. Test Loss = 0.742, Test Accuracy = 0.730
Iteration 5000/15000. Train Loss = 0.544, Train Accuracy = 0.805
Iteration 5000/15000. Test Loss = 0.719, Test Accuracy = 0.734
Iteration 5250/15000. Train Loss = 0.407, Train Accuracy = 0.859
Iteration 5250/15000. Test Loss = 0.711, Test Accuracy = 0.731
Iteration 5500/15000. Train Loss = 0.350, Train Accuracy = 0.867
Iteration 5500/15000. Test Loss = 0.731, Test Accuracy = 0.751
Iteration 5750/15000. Train Loss = 0.437, Train Accuracy = 0.828
Iteration 5750/15000. Test Loss = 0.683, Test Accuracy = 0.750
Iteration 6000/15000. Train Loss = 0.333, Train Accuracy = 0.891
Iteration 6000/15000. Test Loss = 0.711, Test Accuracy = 0.748
Iteration 6250/15000. Train Loss = 0.391, Train Accuracy = 0.883
Iteration 6250/15000. Test Loss = 0.714, Test Accuracy = 0.757
Iteration 6500/15000. Train Loss = 0.336, Train Accuracy = 0.898
Iteration 6500/15000. Test Loss = 0.746, Test Accuracy = 0.747
Iteration 6750/15000. Train Loss = 0.375, Train Accuracy = 0.859
Iteration 6750/15000. Test Loss = 0.726, Test Accuracy = 0.754
Iteration 7000/15000. Train Loss = 0.439, Train Accuracy = 0.852
Iteration 7000/15000. Test Loss = 0.700, Test Accuracy = 0.766
Iteration 7250/15000. Train Loss = 0.228, Train Accuracy = 0.898
Iteration 7250/15000. Test Loss = 0.731, Test Accuracy = 0.755
Iteration 7500/15000. Train Loss = 0.269, Train Accuracy = 0.898
Iteration 7500/15000. Test Loss = 0.736, Test Accuracy = 0.774
Iteration 7750/15000. Train Loss = 0.325, Train Accuracy = 0.906
Iteration 7750/15000. Test Loss = 0.808, Test Accuracy = 0.752
Iteration 8000/15000. Train Loss = 0.270, Train Accuracy = 0.930
Iteration 8000/15000. Test Loss = 0.822, Test Accuracy = 0.750
Iteration 8250/15000. Train Loss = 0.202, Train Accuracy = 0.938
Iteration 8250/15000. Test Loss = 0.819, Test Accuracy = 0.760
Iteration 8500/15000. Train Loss = 0.129, Train Accuracy = 0.961
Iteration 8500/15000. Test Loss = 0.861, Test Accuracy = 0.764
Iteration 8750/15000. Train Loss = 0.108, Train Accuracy = 0.961
Iteration 8750/15000. Test Loss = 0.860, Test Accuracy = 0.773
Iteration 9000/15000. Train Loss = 0.068, Train Accuracy = 0.977
Iteration 9000/15000. Test Loss = 0.917, Test Accuracy = 0.762
Iteration 9250/15000. Train Loss = 0.088, Train Accuracy = 0.977
Iteration 9250/15000. Test Loss = 0.891, Test Accuracy = 0.761
Iteration 9500/15000. Train Loss = 0.083, Train Accuracy = 0.992
Iteration 9500/15000. Test Loss = 1.024, Test Accuracy = 0.759
Iteration 9750/15000. Train Loss = 0.068, Train Accuracy = 0.969
Iteration 9750/15000. Test Loss = 1.116, Test Accuracy = 0.746
Iteration 10000/15000. Train Loss = 0.070, Train Accuracy = 0.977
Iteration 10000/15000. Test Loss = 1.069, Test Accuracy = 0.763
Iteration 10250/15000. Train Loss = 0.036, Train Accuracy = 1.000
Iteration 10250/15000. Test Loss = 1.141, Test Accuracy = 0.761
Iteration 10500/15000. Train Loss = 0.041, Train Accuracy = 0.992
Iteration 10500/15000. Test Loss = 1.146, Test Accuracy = 0.762
Iteration 10750/15000. Train Loss = 0.015, Train Accuracy = 1.000
Iteration 10750/15000. Test Loss = 1.184, Test Accuracy = 0.770
Iteration 11000/15000. Train Loss = 0.013, Train Accuracy = 1.000
Iteration 11000/15000. Test Loss = 1.229, Test Accuracy = 0.761
Iteration 11250/15000. Train Loss = 0.024, Train Accuracy = 0.992
Iteration 11250/15000. Test Loss = 1.245, Test Accuracy = 0.757
Iteration 11500/15000. Train Loss = 0.017, Train Accuracy = 1.000
Iteration 11500/15000. Test Loss = 1.308, Test Accuracy = 0.768
Iteration 11750/15000. Train Loss = 0.033, Train Accuracy = 1.000
Iteration 11750/15000. Test Loss = 1.348, Test Accuracy = 0.764
Iteration 12000/15000. Train Loss = 0.043, Train Accuracy = 0.992
Iteration 12000/15000. Test Loss = 1.375, Test Accuracy = 0.735
Iteration 12250/15000. Train Loss = 0.018, Train Accuracy = 1.000
Iteration 12250/15000. Test Loss = 1.389, Test Accuracy = 0.752
Iteration 12500/15000. Train Loss = 0.017, Train Accuracy = 0.992
Iteration 12500/15000. Test Loss = 1.376, Test Accuracy = 0.752
Iteration 12750/15000. Train Loss = 0.015, Train Accuracy = 1.000
Iteration 12750/15000. Test Loss = 1.411, Test Accuracy = 0.761
Iteration 13000/15000. Train Loss = 0.005, Train Accuracy = 1.000
Iteration 13000/15000. Test Loss = 1.413, Test Accuracy = 0.757
Iteration 13250/15000. Train Loss = 0.077, Train Accuracy = 0.984
Iteration 13250/15000. Test Loss = 1.478, Test Accuracy = 0.751
Iteration 13500/15000. Train Loss = 0.019, Train Accuracy = 1.000
Iteration 13500/15000. Test Loss = 1.498, Test Accuracy = 0.744
Iteration 13750/15000. Train Loss = 0.011, Train Accuracy = 1.000
Iteration 13750/15000. Test Loss = 1.515, Test Accuracy = 0.756
Iteration 14000/15000. Train Loss = 0.012, Train Accuracy = 1.000
Iteration 14000/15000. Test Loss = 1.486, Test Accuracy = 0.767
Iteration 14250/15000. Train Loss = 0.013, Train Accuracy = 1.000
Iteration 14250/15000. Test Loss = 1.508, Test Accuracy = 0.751
Iteration 14500/15000. Train Loss = 0.011, Train Accuracy = 1.000
Iteration 14500/15000. Test Loss = 1.497, Test Accuracy = 0.765
Iteration 14750/15000. Train Loss = 0.012, Train Accuracy = 1.000
Iteration 14750/15000. Test Loss = 1.685, Test Accuracy = 0.753
Iteration 15000/15000. Train Loss = 0.011, Train Accuracy = 1.000
Iteration 15000/15000. Test Loss = 1.623, Test Accuracy = 0.756
[t-SNE] Computing pairwise distances...
[t-SNE] Computing 91 nearest neighbors...
[t-SNE] Computed conditional probabilities for sample 1000 / 1000
[t-SNE] Mean sigma: 226.028612
[t-SNE] Iteration 25: error = 1.2293483, gradient norm = 0.0111689
[t-SNE] Iteration 50: error = 1.2075646, gradient norm = 0.0114254
[t-SNE] Iteration 75: error = 1.0806634, gradient norm = 0.0062694
[t-SNE] Iteration 100: error = 1.0865216, gradient norm = 0.0076630
[t-SNE] Error after 100 iterations with early exaggeration: 1.086522
[t-SNE] Iteration 125: error = 1.0408118, gradient norm = 0.0058345
[t-SNE] Iteration 150: error = 1.0461485, gradient norm = 0.0066890
[t-SNE] Iteration 175: error = 1.0483130, gradient norm = 0.0062848
[t-SNE] Iteration 175: did not make any progress during the last 30 episodes. Finished.
[t-SNE] Error after 175 iterations: 1.048313
[t-SNE] Computing pairwise distances...
[t-SNE] Computing 91 nearest neighbors...
[t-SNE] Computed conditional probabilities for sample 1000 / 1000
[t-SNE] Mean sigma: 95.273163
[t-SNE] Iteration 25: error = 1.3569475, gradient norm = 0.0122678
[t-SNE] Iteration 50: error = 1.3072919, gradient norm = 0.0114254
[t-SNE] Iteration 75: error = 1.1170895, gradient norm = 0.0068833
[t-SNE] Iteration 100: error = 1.1093471, gradient norm = 0.0080651
[t-SNE] Error after 100 iterations with early exaggeration: 1.109347
[t-SNE] Iteration 125: error = 1.0533179, gradient norm = 0.0048808
[t-SNE] Iteration 150: error = 1.0559665, gradient norm = 0.0063426
[t-SNE] Iteration 175: error = 1.0490861, gradient norm = 0.0067788
[t-SNE] Iteration 200: error = 1.0636741, gradient norm = 0.0069506
[t-SNE] Iteration 225: error = 1.0735594, gradient norm = 0.0062734
[t-SNE] Iteration 225: did not make any progress during the last 30 episodes. Finished.
[t-SNE] Error after 225 iterations: 1.073559
[t-SNE] Computing pairwise distances...
[t-SNE] Computing 91 nearest neighbors...
[t-SNE] Computed conditional probabilities for sample 1000 / 1000
[t-SNE] Mean sigma: 29.192366
[t-SNE] Iteration 25: error = 1.5043329, gradient norm = 0.0138323
[t-SNE] Iteration 50: error = 1.4525070, gradient norm = 0.0150863
[t-SNE] Iteration 75: error = 1.1670159, gradient norm = 0.0088944
[t-SNE] Iteration 100: error = 1.1868970, gradient norm = 0.0108909
[t-SNE] Error after 100 iterations with early exaggeration: 1.186897
[t-SNE] Iteration 125: error = 1.0733604, gradient norm = 0.0064793
[t-SNE] Iteration 150: error = 1.0980511, gradient norm = 0.0079203
[t-SNE] Iteration 175: error = 1.1115581, gradient norm = 0.0094222
[t-SNE] Iteration 175: did not make any progress during the last 30 episodes. Finished.
[t-SNE] Error after 175 iterations: 1.111558
       True  plane  car  bird  cat  deer  dog  frog  horse  ship  truck
True                                                                   
0     plane     90    1     0    2     0    1     1      0     3      5
1       car      0   88     0    0     0    0     0      0     0      1
2      bird      6    1    43   13     6   13    12      1     3      2
3       cat      0    0     0   91     2    4     3      0     0      3
4      deer      1    1     0   10    68    3     5      2     0      0
5       dog      0    0     0    9     1   70     3      2     0      1
6      frog      0    0     0    0     0    2   110      0     0      0
7     horse      0    0     0    1     0    2     0     97     1      1
8      ship      0    0     0    0     0    0     0      0   105      1
9     truck      0    1     0    0     0    0     0      0     0    108
