is_train : False
data_dir : ./cifar10/cifar-10-batches-py
eval_freq : 250
learning_rate : 0.0001
print_freq : 250
batch_size : 128
checkpoint_dir : ./ckpt_lin_dr05
log_dir : ./logs_lin_dr05
train_model : linear
checkpoint_freq : 15000
max_steps : 15000
FC2 accuracy: 0.6505
FC2 report:              precision    recall  f1-score   support

      plane       0.81      0.73      0.77       215
        car       0.64      0.95      0.76       137
       bird       0.51      0.64      0.57       148
        cat       0.41      0.52      0.46       156
       deer       0.95      0.31      0.47       553
        dog       0.36      0.78      0.49        87
       frog       0.65      0.84      0.73       163
      horse       0.62      0.91      0.74       137
       ship       0.75      0.89      0.82       189
      truck       0.79      0.77      0.78       215

avg / total       0.73      0.65      0.64      2000

       True  plane  car  bird  cat  deer  dog  frog  horse  ship  truck
True                                                                   
0     plane    157    1     6    0    15    0     2      0     4      9
1       car      4  130     2    2    21    0     3      0     9     32
2      bird     12    0    95    8    58    5     4      3     1      1
3       cat      1    1    10   81    84    8     7      2     3      2
4      deer      2    0     7    0   174    0     0      1     0      0
5       dog      2    0     7   33    72   68     4      3     0      0
6      frog      3    0     6    9    53    2   137      0     0      1
7     horse      2    0     7   16    44    2     2    125     0      2
8      ship     18    4     8    1    16    1     3      1   169      3
9     truck     14    1     0    6    16    1     1      2     3    165
FC1 accuracy: 0.6615
FC1 report:              precision    recall  f1-score   support

      plane       0.82      0.53      0.64       302
        car       0.78      0.80      0.79       200
       bird       0.52      0.50      0.51       195
        cat       0.44      0.43      0.43       201
       deer       0.72      0.62      0.66       214
        dog       0.34      0.74      0.46        87
       frog       0.81      0.70      0.75       243
      horse       0.64      0.79      0.71       160
       ship       0.81      0.83      0.82       219
      truck       0.69      0.80      0.74       179

avg / total       0.69      0.66      0.66      2000

       True  plane  car  bird  cat  deer  dog  frog  horse  ship  truck
True                                                                   
0     plane    159    7     5    1     3    1     1      0    12      5
1       car     16  159     1    3     1    0     4      1     3     15
2      bird     18    0    98   24    21    4    14      4     2      2
3       cat     13    6    18   87    16   15    26     10     4      4
4      deer     10    0    11   15   132    0     6      6     3      1
5       dog     11    4    22   42    15   64    16      8     4      3
6      frog      6    1    11   10     9    1   171      0     2      0
7     horse     20    1    19   12    15    0     3    127     1      2
8      ship     17   12     5    3     1    1     0      0   182      3
9     truck     32   10     5    4     1    1     2      4     6    144
Flatten accuracy: 0.62
Flatten report:              precision    recall  f1-score   support

      plane       0.66      0.64      0.65       201
        car       0.69      0.76      0.72       186
       bird       0.47      0.48      0.47       184
        cat       0.39      0.37      0.38       209
       deer       0.58      0.53      0.56       201
        dog       0.47      0.51      0.49       175
       frog       0.68      0.73      0.71       196
      horse       0.71      0.68      0.70       211
       ship       0.78      0.75      0.76       233
      truck       0.71      0.73      0.72       204

avg / total       0.62      0.62      0.62      2000

       True  plane  car  bird  cat  deer  dog  frog  horse  ship  truck
True                                                                   
0     plane    129    2     9    8     5    2     3      6    22      8
1       car      4  141     5    6     2    4     3      2     9     27
2      bird     12    1    88   22    28   10    10     10     4      2
3       cat      9    5    12   77    15   38    18      9     8      8
4      deer      5    3    16   17   107    9     5     17     4      1
5       dog      3    4    20   40    12   89     4     13     3      1
6      frog      4    3    19   16    14    3   144      3     0      5
7     horse      4    1     8   10    12   14     1    143     3      4
8      ship     19    6     5    9     1    1     5      4   174      0
9     truck     12   20     2    4     5    5     3      4     6    148
