is_train : True
data_dir : ./cifar10/cifar-10-batches-py
eval_freq : 250
learning_rate : 0.0001
print_freq : 10
batch_size : 128
checkpoint_dir : ./checkpoints
log_dir : ./logs/cifar10
train_model : siamese
checkpoint_freq : 1000
max_steps : 15000
Initial Test Loss = 27830.171
Iteration 0/15000. Train Loss = 11.614
Iteration 0/15000. Validation Loss = 5.233
Iteration 1500/15000. Train Loss = 0.034
Iteration 1500/15000. Validation Loss = 0.059
Iteration 3000/15000. Train Loss = 0.025
Iteration 3000/15000. Validation Loss = 0.059
Iteration 4500/15000. Train Loss = 0.025
Iteration 4500/15000. Validation Loss = 0.058
Iteration 6000/15000. Train Loss = 0.022
Iteration 6000/15000. Validation Loss = 0.059
Iteration 7500/15000. Train Loss = 0.027
Iteration 7500/15000. Validation Loss = 0.061
Iteration 9000/15000. Train Loss = 0.020
Iteration 9000/15000. Validation Loss = 0.063
